<?xml version="1.0" encoding="UTF-8"?>
<testsuite name="com.algaworks.algashop.ordering.domain.entity.OrderItemTest" tests="2" skipped="0" failures="0" errors="0" timestamp="2025-12-27T19:58:59.037Z" hostname="MacBook-Pro-do-Junior.local" time="0.019">
  <properties/>
  <testcase name="shouldCreateBrandNew()" classname="com.algaworks.algashop.ordering.domain.entity.OrderItemTest" time="0.017"/>
  <testcase name="shouldCreateExisting()" classname="com.algaworks.algashop.ordering.domain.entity.OrderItemTest" time="0.002"/>
  <system-out><![CDATA[]]></system-out>
  <system-err><![CDATA[]]></system-err>
</testsuite>
