<?xml version="1.0" encoding="UTF-8"?>
<testsuite name="com.algaworks.algashop.ordering.domain.entity.CustomerTest" tests="6" skipped="0" failures="0" errors="0" timestamp="2025-12-27T19:58:58.758Z" hostname="MacBook-Pro-do-Junior.local" time="0.278">
  <properties/>
  <testcase name="givenBrandNewCustomerWhenAddInvalidLoyaltyPointsShouldSumPoints()" classname="com.algaworks.algashop.ordering.domain.entity.CustomerTest" time="0.228"/>
  <testcase name="givenBrandNewCustomerWhenAddValidLoyaltyPointsShouldSumPoints()" classname="com.algaworks.algashop.ordering.domain.entity.CustomerTest" time="0.005"/>
  <testcase name="givenUnarchivedCustomerWhenArchiveShouldAnonymize()" classname="com.algaworks.algashop.ordering.domain.entity.CustomerTest" time="0.008"/>
  <testcase name="[1] changeCustomer = com.algaworks.algashop.ordering.domain.entity.CustomerTest$$Lambda/0x00001ffc011c1220@234ce7ff" classname="com.algaworks.algashop.ordering.domain.entity.CustomerTest" time="0.005"/>
  <testcase name="[2] changeCustomer = com.algaworks.algashop.ordering.domain.entity.CustomerTest$$Lambda/0x00001ffc011c1890@22854f2b" classname="com.algaworks.algashop.ordering.domain.entity.CustomerTest" time="0.001"/>
  <testcase name="[3] changeCustomer = com.algaworks.algashop.ordering.domain.entity.CustomerTest$$Lambda/0x00001ffc011c1ac8@7b9d1a4" classname="com.algaworks.algashop.ordering.domain.entity.CustomerTest" time="0.003"/>
  <system-out><![CDATA[]]></system-out>
  <system-err><![CDATA[]]></system-err>
</testsuite>
