<?xml version="1.0" encoding="UTF-8"?>
<testsuite name="com.algaworks.algashop.ordering.domain.valueobject.FullNameTest" tests="9" skipped="0" failures="0" errors="0" timestamp="2025-12-27T19:58:59.205Z" hostname="MacBook-Pro-do-Junior.local" time="0.009">
  <properties/>
  <testcase name="[1] firstName = &quot;Shanae&quot;, lastName = &quot;Hegmann&quot;" classname="com.algaworks.algashop.ordering.domain.valueobject.FullNameTest" time="0.001"/>
  <testcase name="[2] firstName = &quot; Marilyn&quot;, lastName = &quot; Effertz&quot;" classname="com.algaworks.algashop.ordering.domain.valueobject.FullNameTest" time="0.001"/>
  <testcase name="[3] firstName = &quot;Katy &quot;, lastName = &quot;Jakubowski &quot;" classname="com.algaworks.algashop.ordering.domain.valueobject.FullNameTest" time="0.0"/>
  <testcase name="[1] firstName = &quot;Sarita&quot;, lastName = &quot;&quot;, expectedException = class java.lang.IllegalArgumentException" classname="com.algaworks.algashop.ordering.domain.valueobject.FullNameTest" time="0.002"/>
  <testcase name="[2] firstName = &quot;Kina&quot;, lastName = &quot; &quot;, expectedException = class java.lang.IllegalArgumentException" classname="com.algaworks.algashop.ordering.domain.valueobject.FullNameTest" time="0.001"/>
  <testcase name="[3] firstName = &quot;George&quot;, lastName = null, expectedException = class java.lang.NullPointerException" classname="com.algaworks.algashop.ordering.domain.valueobject.FullNameTest" time="0.0"/>
  <testcase name="[4] firstName = &quot;&quot;, lastName = &quot;Schoen&quot;, expectedException = class java.lang.IllegalArgumentException" classname="com.algaworks.algashop.ordering.domain.valueobject.FullNameTest" time="0.0"/>
  <testcase name="[5] firstName = &quot; &quot;, lastName = &quot;Gottlieb&quot;, expectedException = class java.lang.IllegalArgumentException" classname="com.algaworks.algashop.ordering.domain.valueobject.FullNameTest" time="0.0"/>
  <testcase name="[6] firstName = null, lastName = &quot;Swaniawski&quot;, expectedException = class java.lang.NullPointerException" classname="com.algaworks.algashop.ordering.domain.valueobject.FullNameTest" time="0.0"/>
  <system-out><![CDATA[]]></system-out>
  <system-err><![CDATA[]]></system-err>
</testsuite>
