<?xml version="1.0" encoding="UTF-8"?>
<testsuite name="com.algaworks.algashop.ordering.domain.valueobject.ShippingInfoTest" tests="5" skipped="0" failures="0" errors="0" timestamp="2025-12-26T19:02:54.055Z" hostname="MacBook-Pro-do-Junior.local" time="0.008">
  <properties/>
  <testcase name="shouldCreate()" classname="com.algaworks.algashop.ordering.domain.valueobject.ShippingInfoTest" time="0.003"/>
  <testcase name="[1] fullName = null, document = 822.638.568-70, phone = (983) 907-1722, address = Address[street=11761 Janett Forks, complement=null, neighborhood=assumenda, number=291, city=Wisozktown, state=Virginia, zipCode=65628]" classname="com.algaworks.algashop.ordering.domain.valueobject.ShippingInfoTest" time="0.001"/>
  <testcase name="[2] fullName = Tommy Kshlerin, document = null, phone = (628) 824-7189, address = Address[street=10841 Carmelo Wall, complement=null, neighborhood=occaecati, number=400, city=Herzogchester, state=Hawaii, zipCode=88093]" classname="com.algaworks.algashop.ordering.domain.valueobject.ShippingInfoTest" time="0.0"/>
  <testcase name="[3] fullName = Gilda Harvey, document = 050.514.080-28, phone = null, address = Address[street=18072 Ellyn Viaduct, complement=null, neighborhood=esse, number=999, city=Lake Deandrea, state=Montana, zipCode=14147]" classname="com.algaworks.algashop.ordering.domain.valueobject.ShippingInfoTest" time="0.001"/>
  <testcase name="[4] fullName = Cynthia Collier, document = 481.521.163-94, phone = (274) 202-1685, address = null" classname="com.algaworks.algashop.ordering.domain.valueobject.ShippingInfoTest" time="0.0"/>
  <system-out><![CDATA[]]></system-out>
  <system-err><![CDATA[]]></system-err>
</testsuite>
