<?xml version="1.0" encoding="UTF-8"?>
<testsuite name="com.algaworks.algashop.ordering.domain.valueobject.AddressTest" tests="18" skipped="0" failures="0" errors="0" timestamp="2025-12-26T19:02:53.975Z" hostname="MacBook-Pro-do-Junior.local" time="0.017">
  <properties/>
  <testcase name="[1] street = null, complement = &quot;736&quot;, neighborhood = &quot;fugit&quot;, number = &quot;978&quot;, city = &quot;Lake Ginafurt&quot;, state = &quot;Arkansas&quot;, zipCode = 93635, expectedException = class java.lang.NullPointerException" classname="com.algaworks.algashop.ordering.domain.valueobject.AddressTest" time="0.002"/>
  <testcase name="[2] street = &quot;66387 Gutkowski Key&quot;, complement = &quot;508&quot;, neighborhood = null, number = &quot;453&quot;, city = &quot;Marcosbury&quot;, state = &quot;Virginia&quot;, zipCode = 21352, expectedException = class java.lang.NullPointerException" classname="com.algaworks.algashop.ordering.domain.valueobject.AddressTest" time="0.0"/>
  <testcase name="[3] street = &quot;570 Stacy Villages&quot;, complement = &quot;1236&quot;, neighborhood = &quot;odio&quot;, number = null, city = &quot;Koeppland&quot;, state = &quot;Montana&quot;, zipCode = 15789, expectedException = class java.lang.NullPointerException" classname="com.algaworks.algashop.ordering.domain.valueobject.AddressTest" time="0.0"/>
  <testcase name="[4] street = &quot;3757 Homenick Rest&quot;, complement = &quot;12214&quot;, neighborhood = &quot;beatae&quot;, number = &quot;712&quot;, city = null, state = &quot;North Carolina&quot;, zipCode = 83526, expectedException = class java.lang.NullPointerException" classname="com.algaworks.algashop.ordering.domain.valueobject.AddressTest" time="0.001"/>
  <testcase name="[5] street = &quot;1005 Schinner Pass&quot;, complement = &quot;89616&quot;, neighborhood = &quot;sunt&quot;, number = &quot;890&quot;, city = &quot;Rochellmouth&quot;, state = null, zipCode = 62186, expectedException = class java.lang.NullPointerException" classname="com.algaworks.algashop.ordering.domain.valueobject.AddressTest" time="0.0"/>
  <testcase name="[6] street = &quot;5960 Malorie Corner&quot;, complement = &quot;740&quot;, neighborhood = &quot;sed&quot;, number = &quot;438&quot;, city = &quot;South Kiethchester&quot;, state = &quot;New Jersey&quot;, zipCode = null, expectedException = class java.lang.NullPointerException" classname="com.algaworks.algashop.ordering.domain.valueobject.AddressTest" time="0.0"/>
  <testcase name="[7] street = &quot;&quot;, complement = &quot;965&quot;, neighborhood = &quot;ipsum&quot;, number = &quot;795&quot;, city = &quot;Masontown&quot;, state = &quot;Georgia&quot;, zipCode = 17526, expectedException = class java.lang.IllegalArgumentException" classname="com.algaworks.algashop.ordering.domain.valueobject.AddressTest" time="0.0"/>
  <testcase name="[8] street = &quot;261 Shemeka Mall&quot;, complement = &quot;927&quot;, neighborhood = &quot;&quot;, number = &quot;979&quot;, city = &quot;East Augustborough&quot;, state = &quot;Alaska&quot;, zipCode = 47044, expectedException = class java.lang.IllegalArgumentException" classname="com.algaworks.algashop.ordering.domain.valueobject.AddressTest" time="0.0"/>
  <testcase name="[9] street = &quot;4279 Boehm Trail&quot;, complement = &quot;94426&quot;, neighborhood = &quot;sit&quot;, number = &quot;&quot;, city = &quot;Lucianoborough&quot;, state = &quot;Connecticut&quot;, zipCode = 10704, expectedException = class java.lang.IllegalArgumentException" classname="com.algaworks.algashop.ordering.domain.valueobject.AddressTest" time="0.0"/>
  <testcase name="[10] street = &quot;27864 Weissnat Circles&quot;, complement = &quot;76385&quot;, neighborhood = &quot;animi&quot;, number = &quot;433&quot;, city = &quot;&quot;, state = &quot;Wisconsin&quot;, zipCode = 44229, expectedException = class java.lang.IllegalArgumentException" classname="com.algaworks.algashop.ordering.domain.valueobject.AddressTest" time="0.0"/>
  <testcase name="[11] street = &quot;9925 Hodkiewicz Radial&quot;, complement = &quot;048&quot;, neighborhood = &quot;aliquam&quot;, number = &quot;207&quot;, city = &quot;Faheystad&quot;, state = &quot;&quot;, zipCode = 74638, expectedException = class java.lang.IllegalArgumentException" classname="com.algaworks.algashop.ordering.domain.valueobject.AddressTest" time="0.0"/>
  <testcase name="[12] street = &quot; &quot;, complement = &quot;8173&quot;, neighborhood = &quot;tempora&quot;, number = &quot;292&quot;, city = &quot;New Art&quot;, state = &quot;Iowa&quot;, zipCode = 84677, expectedException = class java.lang.IllegalArgumentException" classname="com.algaworks.algashop.ordering.domain.valueobject.AddressTest" time="0.0"/>
  <testcase name="[13] street = &quot;52864 Lorenzo Camp&quot;, complement = &quot;9568&quot;, neighborhood = &quot; &quot;, number = &quot;707&quot;, city = &quot;Yukifort&quot;, state = &quot;Texas&quot;, zipCode = 21813, expectedException = class java.lang.IllegalArgumentException" classname="com.algaworks.algashop.ordering.domain.valueobject.AddressTest" time="0.001"/>
  <testcase name="[14] street = &quot;95496 Witting Courts&quot;, complement = &quot;04137&quot;, neighborhood = &quot;neque&quot;, number = &quot; &quot;, city = &quot;Alfonzofurt&quot;, state = &quot;Maryland&quot;, zipCode = 54856, expectedException = class java.lang.IllegalArgumentException" classname="com.algaworks.algashop.ordering.domain.valueobject.AddressTest" time="0.0"/>
  <testcase name="[15] street = &quot;3950 Michael Hill&quot;, complement = &quot;968&quot;, neighborhood = &quot;et&quot;, number = &quot;677&quot;, city = &quot; &quot;, state = &quot;Nebraska&quot;, zipCode = 69529, expectedException = class java.lang.IllegalArgumentException" classname="com.algaworks.algashop.ordering.domain.valueobject.AddressTest" time="0.0"/>
  <testcase name="[16] street = &quot;387 Cher Corner&quot;, complement = &quot;807&quot;, neighborhood = &quot;labore&quot;, number = &quot;939&quot;, city = &quot;Lake Rosarioberg&quot;, state = &quot; &quot;, zipCode = 86077, expectedException = class java.lang.IllegalArgumentException" classname="com.algaworks.algashop.ordering.domain.valueobject.AddressTest" time="0.0"/>
  <testcase name="[1] street = &quot;85222 Veum Shoals&quot;, complement = null, neighborhood = &quot;omnis&quot;, number = &quot;4&quot;, city = &quot;Elliotberg&quot;, state = &quot;Maine&quot;, zipCode = 42954" classname="com.algaworks.algashop.ordering.domain.valueobject.AddressTest" time="0.004"/>
  <testcase name="[2] street = &quot;03863 Donnelly Heights&quot;, complement = &quot;521&quot;, neighborhood = &quot;non&quot;, number = &quot;484&quot;, city = &quot;New Basil&quot;, state = &quot;Maryland&quot;, zipCode = 58692" classname="com.algaworks.algashop.ordering.domain.valueobject.AddressTest" time="0.0"/>
  <system-out><![CDATA[]]></system-out>
  <system-err><![CDATA[]]></system-err>
</testsuite>
