<?xml version="1.0" encoding="UTF-8"?>
<testsuite name="com.algaworks.algashop.ordering.domain.valueobject.QuantityTest" tests="7" skipped="0" failures="0" errors="0" timestamp="2025-12-27T19:58:59.249Z" hostname="MacBook-Pro-do-Junior.local" time="0.003">
  <properties/>
  <testcase name="shouldCreate()" classname="com.algaworks.algashop.ordering.domain.valueobject.QuantityTest" time="0.0"/>
  <testcase name="giveGreaterValueWhenCheckIsLessThenReturnTrue()" classname="com.algaworks.algashop.ordering.domain.valueobject.QuantityTest" time="0.0"/>
  <testcase name="givenTwoQuantityObjectsWhenSumBothThenReturnValue()" classname="com.algaworks.algashop.ordering.domain.valueobject.QuantityTest" time="0.0"/>
  <testcase name="[1] value = -308967105, expectedException = class java.lang.IllegalArgumentException" classname="com.algaworks.algashop.ordering.domain.valueobject.QuantityTest" time="0.001"/>
  <testcase name="[2] value = null, expectedException = class java.lang.NullPointerException" classname="com.algaworks.algashop.ordering.domain.valueobject.QuantityTest" time="0.0"/>
  <testcase name="giveLessValueWhenCheckIsGreaterThenReturnTrue()" classname="com.algaworks.algashop.ordering.domain.valueobject.QuantityTest" time="0.0"/>
  <testcase name="giveSameValueWhenCheckIsEqualThenReturnTrue()" classname="com.algaworks.algashop.ordering.domain.valueobject.QuantityTest" time="0.0"/>
  <system-out><![CDATA[]]></system-out>
  <system-err><![CDATA[]]></system-err>
</testsuite>
