<?xml version="1.0" encoding="UTF-8"?>
<testsuite name="com.algaworks.algashop.ordering.domain.entity.OrderStatusTest" tests="20" skipped="0" failures="0" errors="0" timestamp="2025-12-27T19:58:59.060Z" hostname="MacBook-Pro-do-Junior.local" time="0.018">
  <properties/>
  <testcase name="[1] newStatus = DRAFT" classname="com.algaworks.algashop.ordering.domain.entity.OrderStatusTest" time="0.0"/>
  <testcase name="[2] newStatus = PAID" classname="com.algaworks.algashop.ordering.domain.entity.OrderStatusTest" time="0.0"/>
  <testcase name="[3] newStatus = READY" classname="com.algaworks.algashop.ordering.domain.entity.OrderStatusTest" time="0.0"/>
  <testcase name="[1] newStatus = DRAFT" classname="com.algaworks.algashop.ordering.domain.entity.OrderStatusTest" time="0.0"/>
  <testcase name="[2] newStatus = PLACED" classname="com.algaworks.algashop.ordering.domain.entity.OrderStatusTest" time="0.0"/>
  <testcase name="[1] newStatus = DRAFT" classname="com.algaworks.algashop.ordering.domain.entity.OrderStatusTest" time="0.0"/>
  <testcase name="[2] newStatus = PLACED" classname="com.algaworks.algashop.ordering.domain.entity.OrderStatusTest" time="0.001"/>
  <testcase name="[3] newStatus = PAID" classname="com.algaworks.algashop.ordering.domain.entity.OrderStatusTest" time="0.0"/>
  <testcase name="[4] newStatus = READY" classname="com.algaworks.algashop.ordering.domain.entity.OrderStatusTest" time="0.0"/>
  <testcase name="[1] newStatus = CANCELED" classname="com.algaworks.algashop.ordering.domain.entity.OrderStatusTest" time="0.001"/>
  <testcase name="[1] currentStatus = DRAFT, newStatus = PLACED" classname="com.algaworks.algashop.ordering.domain.entity.OrderStatusTest" time="0.001"/>
  <testcase name="[2] currentStatus = PLACED, newStatus = PAID" classname="com.algaworks.algashop.ordering.domain.entity.OrderStatusTest" time="0.0"/>
  <testcase name="[3] currentStatus = PAID, newStatus = READY" classname="com.algaworks.algashop.ordering.domain.entity.OrderStatusTest" time="0.0"/>
  <testcase name="[4] currentStatus = DRAFT, newStatus = CANCELED" classname="com.algaworks.algashop.ordering.domain.entity.OrderStatusTest" time="0.001"/>
  <testcase name="[5] currentStatus = PLACED, newStatus = CANCELED" classname="com.algaworks.algashop.ordering.domain.entity.OrderStatusTest" time="0.0"/>
  <testcase name="[6] currentStatus = PAID, newStatus = CANCELED" classname="com.algaworks.algashop.ordering.domain.entity.OrderStatusTest" time="0.001"/>
  <testcase name="[7] currentStatus = READY, newStatus = CANCELED" classname="com.algaworks.algashop.ordering.domain.entity.OrderStatusTest" time="0.0"/>
  <testcase name="[1] newStatus = DRAFT" classname="com.algaworks.algashop.ordering.domain.entity.OrderStatusTest" time="0.0"/>
  <testcase name="[2] newStatus = PLACED" classname="com.algaworks.algashop.ordering.domain.entity.OrderStatusTest" time="0.0"/>
  <testcase name="[3] newStatus = READY" classname="com.algaworks.algashop.ordering.domain.entity.OrderStatusTest" time="0.001"/>
  <system-out><![CDATA[]]></system-out>
  <system-err><![CDATA[]]></system-err>
</testsuite>
