<?xml version="1.0" encoding="UTF-8"?>
<testsuite name="com.algaworks.algashop.ordering.domain.valueobject.AddressTest" tests="18" skipped="0" failures="0" errors="0" timestamp="2025-12-27T19:58:59.147Z" hostname="MacBook-Pro-do-Junior.local" time="0.024">
  <properties/>
  <testcase name="[1] street = null, complement = &quot;4955&quot;, neighborhood = &quot;praesentium&quot;, number = &quot;590&quot;, city = &quot;West Cherilyn&quot;, state = &quot;Illinois&quot;, zipCode = 93271, expectedException = class java.lang.NullPointerException" classname="com.algaworks.algashop.ordering.domain.valueobject.AddressTest" time="0.003"/>
  <testcase name="[2] street = &quot;825 Elizabeth Pines&quot;, complement = &quot;7423&quot;, neighborhood = null, number = &quot;852&quot;, city = &quot;Merrillhaven&quot;, state = &quot;Alabama&quot;, zipCode = 29790, expectedException = class java.lang.NullPointerException" classname="com.algaworks.algashop.ordering.domain.valueobject.AddressTest" time="0.0"/>
  <testcase name="[3] street = &quot;060 Claribel Groves&quot;, complement = &quot;6006&quot;, neighborhood = &quot;illum&quot;, number = null, city = &quot;North Crysta&quot;, state = &quot;Arkansas&quot;, zipCode = 37951, expectedException = class java.lang.NullPointerException" classname="com.algaworks.algashop.ordering.domain.valueobject.AddressTest" time="0.001"/>
  <testcase name="[4] street = &quot;038 Bednar Groves&quot;, complement = &quot;91736&quot;, neighborhood = &quot;pariatur&quot;, number = &quot;530&quot;, city = null, state = &quot;Wyoming&quot;, zipCode = 63519, expectedException = class java.lang.NullPointerException" classname="com.algaworks.algashop.ordering.domain.valueobject.AddressTest" time="0.0"/>
  <testcase name="[5] street = &quot;3472 Patricia Manor&quot;, complement = &quot;9180&quot;, neighborhood = &quot;architecto&quot;, number = &quot;633&quot;, city = &quot;Balistrerifort&quot;, state = null, zipCode = 64000, expectedException = class java.lang.NullPointerException" classname="com.algaworks.algashop.ordering.domain.valueobject.AddressTest" time="0.001"/>
  <testcase name="[6] street = &quot;108 Carroll Pass&quot;, complement = &quot;91803&quot;, neighborhood = &quot;cum&quot;, number = &quot;516&quot;, city = &quot;Kuhlmantown&quot;, state = &quot;Nevada&quot;, zipCode = null, expectedException = class java.lang.NullPointerException" classname="com.algaworks.algashop.ordering.domain.valueobject.AddressTest" time="0.001"/>
  <testcase name="[7] street = &quot;&quot;, complement = &quot;68115&quot;, neighborhood = &quot;excepturi&quot;, number = &quot;825&quot;, city = &quot;West Timmymouth&quot;, state = &quot;New Mexico&quot;, zipCode = 72707, expectedException = class java.lang.IllegalArgumentException" classname="com.algaworks.algashop.ordering.domain.valueobject.AddressTest" time="0.001"/>
  <testcase name="[8] street = &quot;810 Lesch Tunnel&quot;, complement = &quot;3107&quot;, neighborhood = &quot;&quot;, number = &quot;528&quot;, city = &quot;West Samual&quot;, state = &quot;Pennsylvania&quot;, zipCode = 92458, expectedException = class java.lang.IllegalArgumentException" classname="com.algaworks.algashop.ordering.domain.valueobject.AddressTest" time="0.0"/>
  <testcase name="[9] street = &quot;45156 Fahey Trafficway&quot;, complement = &quot;09511&quot;, neighborhood = &quot;soluta&quot;, number = &quot;&quot;, city = &quot;Jonborough&quot;, state = &quot;Alabama&quot;, zipCode = 84877, expectedException = class java.lang.IllegalArgumentException" classname="com.algaworks.algashop.ordering.domain.valueobject.AddressTest" time="0.0"/>
  <testcase name="[10] street = &quot;07895 Rodrigo Estates&quot;, complement = &quot;3896&quot;, neighborhood = &quot;itaque&quot;, number = &quot;600&quot;, city = &quot;&quot;, state = &quot;Nebraska&quot;, zipCode = 91167, expectedException = class java.lang.IllegalArgumentException" classname="com.algaworks.algashop.ordering.domain.valueobject.AddressTest" time="0.001"/>
  <testcase name="[11] street = &quot;354 Prohaska Glen&quot;, complement = &quot;52200&quot;, neighborhood = &quot;reiciendis&quot;, number = &quot;241&quot;, city = &quot;South Gerard&quot;, state = &quot;&quot;, zipCode = 18393, expectedException = class java.lang.IllegalArgumentException" classname="com.algaworks.algashop.ordering.domain.valueobject.AddressTest" time="0.001"/>
  <testcase name="[12] street = &quot; &quot;, complement = &quot;87223&quot;, neighborhood = &quot;quibusdam&quot;, number = &quot;756&quot;, city = &quot;North Cliff&quot;, state = &quot;Pennsylvania&quot;, zipCode = 42810, expectedException = class java.lang.IllegalArgumentException" classname="com.algaworks.algashop.ordering.domain.valueobject.AddressTest" time="0.0"/>
  <testcase name="[13] street = &quot;3418 Champlin Ville&quot;, complement = &quot;146&quot;, neighborhood = &quot; &quot;, number = &quot;176&quot;, city = &quot;Carsonbury&quot;, state = &quot;Ohio&quot;, zipCode = 32333, expectedException = class java.lang.IllegalArgumentException" classname="com.algaworks.algashop.ordering.domain.valueobject.AddressTest" time="0.0"/>
  <testcase name="[14] street = &quot;2540 Theron Parkways&quot;, complement = &quot;378&quot;, neighborhood = &quot;ut&quot;, number = &quot; &quot;, city = &quot;East Bunnyberg&quot;, state = &quot;New Hampshire&quot;, zipCode = 91696, expectedException = class java.lang.IllegalArgumentException" classname="com.algaworks.algashop.ordering.domain.valueobject.AddressTest" time="0.001"/>
  <testcase name="[15] street = &quot;018 Bruen Brooks&quot;, complement = &quot;836&quot;, neighborhood = &quot;esse&quot;, number = &quot;815&quot;, city = &quot; &quot;, state = &quot;New Hampshire&quot;, zipCode = 04757, expectedException = class java.lang.IllegalArgumentException" classname="com.algaworks.algashop.ordering.domain.valueobject.AddressTest" time="0.001"/>
  <testcase name="[16] street = &quot;931 Swift Hollow&quot;, complement = &quot;2851&quot;, neighborhood = &quot;labore&quot;, number = &quot;681&quot;, city = &quot;Port Jongberg&quot;, state = &quot; &quot;, zipCode = 13176, expectedException = class java.lang.IllegalArgumentException" classname="com.algaworks.algashop.ordering.domain.valueobject.AddressTest" time="0.0"/>
  <testcase name="[1] street = &quot;756 Kilback Gateway&quot;, complement = null, neighborhood = &quot;quidem&quot;, number = &quot;540&quot;, city = &quot;Port Joycemouth&quot;, state = &quot;Washington&quot;, zipCode = 05824" classname="com.algaworks.algashop.ordering.domain.valueobject.AddressTest" time="0.006"/>
  <testcase name="[2] street = &quot;0559 Odette Avenue&quot;, complement = &quot;978&quot;, neighborhood = &quot;quod&quot;, number = &quot;113&quot;, city = &quot;Seymourhaven&quot;, state = &quot;Kansas&quot;, zipCode = 65576" classname="com.algaworks.algashop.ordering.domain.valueobject.AddressTest" time="0.001"/>
  <system-out><![CDATA[]]></system-out>
  <system-err><![CDATA[]]></system-err>
</testsuite>
