<?xml version="1.0" encoding="UTF-8"?>
<testsuite name="com.algaworks.algashop.ordering.domain.valueobject.PhoneTest" tests="3" skipped="0" failures="0" errors="0" timestamp="2025-12-27T19:58:59.240Z" hostname="MacBook-Pro-do-Junior.local" time="0.003">
  <properties/>
  <testcase name="[1] value = &quot; &quot;, expectedException = class java.lang.IllegalArgumentException" classname="com.algaworks.algashop.ordering.domain.valueobject.PhoneTest" time="0.0"/>
  <testcase name="[2] value = null, expectedException = class java.lang.NullPointerException" classname="com.algaworks.algashop.ordering.domain.valueobject.PhoneTest" time="0.0"/>
  <testcase name="shouldCreatePhone()" classname="com.algaworks.algashop.ordering.domain.valueobject.PhoneTest" time="0.002"/>
  <system-out><![CDATA[]]></system-out>
  <system-err><![CDATA[]]></system-err>
</testsuite>
