<?xml version="1.0" encoding="UTF-8"?>
<testsuite name="com.algaworks.algashop.ordering.domain.entity.CustomerTest" tests="6" skipped="0" failures="0" errors="0" timestamp="2025-12-26T19:02:53.729Z" hostname="MacBook-Pro-do-Junior.local" time="0.174">
  <properties/>
  <testcase name="givenBrandNewCustomerWhenAddInvalidLoyaltyPointsShouldSumPoints()" classname="com.algaworks.algashop.ordering.domain.entity.CustomerTest" time="0.138"/>
  <testcase name="givenBrandNewCustomerWhenAddValidLoyaltyPointsShouldSumPoints()" classname="com.algaworks.algashop.ordering.domain.entity.CustomerTest" time="0.003"/>
  <testcase name="givenUnarchivedCustomerWhenArchiveShouldAnonymize()" classname="com.algaworks.algashop.ordering.domain.entity.CustomerTest" time="0.005"/>
  <testcase name="[1] changeCustomer = com.algaworks.algashop.ordering.domain.entity.CustomerTest$$Lambda/0x00003fff011aae90@684372d0" classname="com.algaworks.algashop.ordering.domain.entity.CustomerTest" time="0.005"/>
  <testcase name="[2] changeCustomer = com.algaworks.algashop.ordering.domain.entity.CustomerTest$$Lambda/0x00003fff011ab500@8077c97" classname="com.algaworks.algashop.ordering.domain.entity.CustomerTest" time="0.003"/>
  <testcase name="[3] changeCustomer = com.algaworks.algashop.ordering.domain.entity.CustomerTest$$Lambda/0x00003fff011ab738@5d5d3a5c" classname="com.algaworks.algashop.ordering.domain.entity.CustomerTest" time="0.002"/>
  <system-out><![CDATA[]]></system-out>
  <system-err><![CDATA[]]></system-err>
</testsuite>
