<?xml version="1.0" encoding="UTF-8"?>
<testsuite name="com.algaworks.algashop.ordering.domain.valueobject.BillingInfoTest" tests="5" skipped="0" failures="0" errors="0" timestamp="2025-12-26T19:02:53.993Z" hostname="MacBook-Pro-do-Junior.local" time="0.014">
  <properties/>
  <testcase name="shouldCreate()" classname="com.algaworks.algashop.ordering.domain.valueobject.BillingInfoTest" time="0.003"/>
  <testcase name="[1] fullName = null, document = 047.562.846-20, phone = (305) 482-2175, address = Address[street=0403 O'Conner Track, complement=null, neighborhood=earum, number=460, city=Baumbachton, state=Illinois, zipCode=44139]" classname="com.algaworks.algashop.ordering.domain.valueobject.BillingInfoTest" time="0.002"/>
  <testcase name="[2] fullName = Carlos Wintheiser, document = null, phone = (472) 326-5035, address = Address[street=466 Chin Turnpike, complement=null, neighborhood=sunt, number=258, city=New Jimmie, state=Nevada, zipCode=67653]" classname="com.algaworks.algashop.ordering.domain.valueobject.BillingInfoTest" time="0.001"/>
  <testcase name="[3] fullName = Dorthey Morissette, document = 733.473.432-71, phone = null, address = Address[street=28958 Masako Mission, complement=null, neighborhood=voluptas, number=581, city=Hartmannville, state=Colorado, zipCode=41167]" classname="com.algaworks.algashop.ordering.domain.valueobject.BillingInfoTest" time="0.0"/>
  <testcase name="[4] fullName = Edward Goodwin, document = 672.702.745-50, phone = (274) 256-5939, address = null" classname="com.algaworks.algashop.ordering.domain.valueobject.BillingInfoTest" time="0.001"/>
  <system-out><![CDATA[]]></system-out>
  <system-err><![CDATA[]]></system-err>
</testsuite>
